<?xml version="1.0" encoding="UTF-8"?>
<!-- Generated by org.testng.reporters.JUnitReportReporter -->
<testsuite hostname="DESKTOP-4N46PNK" failures="0" tests="1" name="SeleniumENGLISH.Day08_AuthenticationTest" time="2.530" errors="0" timestamp="2022-03-05T09:29:33 EET" skipped="0">
  <testcase classname="SeleniumENGLISH.Day08_AuthenticationTest" name="basicAuthentication" time="2.530"/>
  <system-out/>
</testsuite> <!-- SeleniumENGLISH.Day08_AuthenticationTest -->
